{
  "stats": {
    "suites": 3,
    "tests": 7,
    "passes": 7,
    "pending": 0,
    "failures": 0,
    "start": "2025-06-20T02:40:28.316Z",
    "end": "2025-06-20T02:40:40.334Z",
    "duration": 12018,
    "testsRegistered": 7,
    "passPercent": 100,
    "pendingPercent": 0,
    "other": 0,
    "hasOther": false,
    "skipped": 0,
    "hasSkipped": false
  },
  "results": [
    {
      "uuid": "7bb10696-1283-4d6c-86ac-be7e753b562c",
      "title": "",
      "fullFile": "cypress\\e2e\\saucedemo_test.cy.js",
      "file": "cypress\\e2e\\saucedemo_test.cy.js",
      "beforeHooks": [],
      "afterHooks": [],
      "tests": [],
      "suites": [
        {
          "uuid": "d65f915f-bdfa-4222-bc94-48e659fe619c",
          "title": "Testes de Login",
          "fullFile": "",
          "file": "",
          "beforeHooks": [],
          "afterHooks": [],
          "tests": [
            {
              "title": "Login com sucesso",
              "fullTitle": "Testes de Login Login com sucesso",
              "timedOut": null,
              "duration": 2407,
              "state": "passed",
              "speed": "fast",
              "pass": true,
              "fail": false,
              "pending": false,
              "context": null,
              "code": "login();\ncy.url().should('include', '/inventory.html');",
              "err": {},
              "uuid": "018f5b13-0665-4978-9ea3-7dd2d25d36df",
              "parentUUID": "d65f915f-bdfa-4222-bc94-48e659fe619c",
              "isHook": false,
              "skipped": false
            },
            {
              "title": "Falha no login com usuário inválido",
              "fullTitle": "Testes de Login Falha no login com usuário inválido",
              "timedOut": null,
              "duration": 1006,
              "state": "passed",
              "speed": "fast",
              "pass": true,
              "fail": false,
              "pending": false,
              "context": null,
              "code": "login('usuario_errado', 'secret_sauce');\ncy.get('[data-test=\"error\"]').should('contain', 'Username and password do not match');",
              "err": {},
              "uuid": "3890939e-2a0f-4378-8e0d-4f5c24c21d33",
              "parentUUID": "d65f915f-bdfa-4222-bc94-48e659fe619c",
              "isHook": false,
              "skipped": false
            },
            {
              "title": "Falha no login com senha errada",
              "fullTitle": "Testes de Login Falha no login com senha errada",
              "timedOut": null,
              "duration": 809,
              "state": "passed",
              "speed": "fast",
              "pass": true,
              "fail": false,
              "pending": false,
              "context": null,
              "code": "login('standard_user', 'senha_errada');\ncy.get('[data-test=\"error\"]').should('contain', 'Username and password do not match');",
              "err": {},
              "uuid": "91d8d4b0-be0e-46b4-a45a-1fd79c2f0bb9",
              "parentUUID": "d65f915f-bdfa-4222-bc94-48e659fe619c",
              "isHook": false,
              "skipped": false
            }
          ],
          "suites": [],
          "passes": [
            "018f5b13-0665-4978-9ea3-7dd2d25d36df",
            "3890939e-2a0f-4378-8e0d-4f5c24c21d33",
            "91d8d4b0-be0e-46b4-a45a-1fd79c2f0bb9"
          ],
          "failures": [],
          "pending": [],
          "skipped": [],
          "duration": 4222,
          "root": false,
          "rootEmpty": false,
          "_timeout": 2000
        },
        {
          "uuid": "1480c93c-79f6-4460-baa7-34f165d50b94",
          "title": "Testes do Fluxo de compra",
          "fullFile": "",
          "file": "",
          "beforeHooks": [],
          "afterHooks": [],
          "tests": [
            {
              "title": "Compra um produto com sucesso",
              "fullTitle": "Testes do Fluxo de compra Compra um produto com sucesso",
              "timedOut": null,
              "duration": 2022,
              "state": "passed",
              "speed": "fast",
              "pass": true,
              "fail": false,
              "pending": false,
              "context": null,
              "code": "login();\n// Adicionar ao carrinho\ncy.get('[data-test=\"add-to-cart-sauce-labs-backpack\"]').click();\ncy.get('.shopping_cart_link').click();\n// Iniciar checkout\ncy.get('[data-test=\"checkout\"]').click();\ncy.get('[data-test=\"firstName\"]').type('Johnny');\ncy.get('[data-test=\"lastName\"]').type('Silverhand');\ncy.get('[data-test=\"postalCode\"]').type('12345');\ncy.get('[data-test=\"continue\"]').click();\n// Finalizar compra\ncy.get('[data-test=\"finish\"]').click();\ncy.contains('Thank you for your order!').should('be.visible');",
              "err": {},
              "uuid": "eb313b26-b818-4166-b018-50e790381a5b",
              "parentUUID": "1480c93c-79f6-4460-baa7-34f165d50b94",
              "isHook": false,
              "skipped": false
            },
            {
              "title": "Falha ao tentar finalizar sem preencher dados",
              "fullTitle": "Testes do Fluxo de compra Falha ao tentar finalizar sem preencher dados",
              "timedOut": null,
              "duration": 1184,
              "state": "passed",
              "speed": "fast",
              "pass": true,
              "fail": false,
              "pending": false,
              "context": null,
              "code": "login();\ncy.get('[data-test=\"add-to-cart-sauce-labs-bike-light\"]').click();\ncy.get('.shopping_cart_link').click();\ncy.get('[data-test=\"checkout\"]').click();\n// Não preenche os campos e tenta continuar\ncy.get('[data-test=\"continue\"]').click();\n// Verifica erro na tela\ncy.get('[data-test=\"error\"]').should('contain', 'Error: First Name is required');",
              "err": {},
              "uuid": "261f5c39-b33c-45fa-986a-4c7b1d49ac71",
              "parentUUID": "1480c93c-79f6-4460-baa7-34f165d50b94",
              "isHook": false,
              "skipped": false
            }
          ],
          "suites": [],
          "passes": [
            "eb313b26-b818-4166-b018-50e790381a5b",
            "261f5c39-b33c-45fa-986a-4c7b1d49ac71"
          ],
          "failures": [],
          "pending": [],
          "skipped": [],
          "duration": 3206,
          "root": false,
          "rootEmpty": false,
          "_timeout": 2000
        },
        {
          "uuid": "4cc505cf-3997-4a19-ba8b-10e1cde7215c",
          "title": "Testes do Carrinho",
          "fullFile": "",
          "file": "",
          "beforeHooks": [],
          "afterHooks": [],
          "tests": [
            {
              "title": "Adiciona item ao carrinho e verifica badge",
              "fullTitle": "Testes do Carrinho Adiciona item ao carrinho e verifica badge",
              "timedOut": null,
              "duration": 905,
              "state": "passed",
              "speed": "fast",
              "pass": true,
              "fail": false,
              "pending": false,
              "context": null,
              "code": "login();\ncy.get('[data-test=\"add-to-cart-sauce-labs-fleece-jacket\"]').click();\ncy.get('.shopping_cart_badge').should('contain', '1');",
              "err": {},
              "uuid": "fa9fd132-fd91-4f5a-810c-e181d10a070a",
              "parentUUID": "4cc505cf-3997-4a19-ba8b-10e1cde7215c",
              "isHook": false,
              "skipped": false
            },
            {
              "title": "Remove item do carrinho",
              "fullTitle": "Testes do Carrinho Remove item do carrinho",
              "timedOut": null,
              "duration": 1003,
              "state": "passed",
              "speed": "fast",
              "pass": true,
              "fail": false,
              "pending": false,
              "context": null,
              "code": "login();\ncy.get('[data-test=\"add-to-cart-sauce-labs-fleece-jacket\"]').click();\ncy.get('[data-test=\"remove-sauce-labs-fleece-jacket\"]').click();\ncy.get('.shopping_cart_badge').should('not.exist');",
              "err": {},
              "uuid": "c9a8df9f-e400-40ac-9cb7-9c44cb7fe69a",
              "parentUUID": "4cc505cf-3997-4a19-ba8b-10e1cde7215c",
              "isHook": false,
              "skipped": false
            }
          ],
          "suites": [],
          "passes": [
            "fa9fd132-fd91-4f5a-810c-e181d10a070a",
            "c9a8df9f-e400-40ac-9cb7-9c44cb7fe69a"
          ],
          "failures": [],
          "pending": [],
          "skipped": [],
          "duration": 1908,
          "root": false,
          "rootEmpty": false,
          "_timeout": 2000
        }
      ],
      "passes": [],
      "failures": [],
      "pending": [],
      "skipped": [],
      "duration": 0,
      "root": true,
      "rootEmpty": true,
      "_timeout": 2000
    }
  ],
  "meta": {
    "mocha": {
      "version": "7.2.0"
    },
    "mochawesome": {
      "options": {
        "quiet": false,
        "reportFilename": "mochawesome",
        "saveHtml": true,
        "saveJson": true,
        "consoleReporter": "spec",
        "useInlineDiffs": false,
        "code": true
      },
      "version": "7.1.3"
    },
    "marge": {
      "options": null,
      "version": "6.2.0"
    }
  }
}